Enter key password for <ccycloud-5.feng.root.hwx.site>
	(RETURN if same as keystore password):  Re-enter new password: 
Warning:
The JKS keystore uses a proprietary format. It is recommended to migrate to PKCS12 which is an industry standard format using "keytool -importkeystore -srckeystore /opt/cloudera/security/pki/ccycloud-5.feng.root.hwx.site.jks -destkeystore /opt/cloudera/security/pki/ccycloud-5.feng.root.hwx.site.jks -deststoretype pkcs12".

Warning:
The JKS keystore uses a proprietary format. It is recommended to migrate to PKCS12 which is an industry standard format using "keytool -importkeystore -srckeystore /opt/cloudera/security/pki/ccycloud-5.feng.root.hwx.site.jks -destkeystore /opt/cloudera/security/pki/ccycloud-5.feng.root.hwx.site.jks -deststoretype pkcs12".
Signature ok
subject=/CN=ccycloud-5.feng.root.hwx.site
Getting CA Private Key

Top-level certificate in reply:

Owner: EMAILADDRESS=feng.xu@cloudera.com, CN=ccycloud-1.feng.root.hwx.site, OU=SE, O=Cloudera, L=SHANGHAI, ST=CHINA, C=CN
Issuer: EMAILADDRESS=feng.xu@cloudera.com, CN=ccycloud-1.feng.root.hwx.site, OU=SE, O=Cloudera, L=SHANGHAI, ST=CHINA, C=CN
Serial number: eee334999ffb1d23
Valid from: Sun Aug 09 18:11:38 PDT 2020 until: Tue May 30 18:11:38 PDT 2023
Certificate fingerprints:
	 MD5:  32:29:E7:0E:2D:52:E8:1F:2A:03:8A:AB:94:4A:0B:48
	 SHA1: 0A:14:B1:2D:31:97:C3:A4:4D:AE:E8:E8:13:3F:B8:6C:5F:38:84:16
	 SHA256: B7:22:70:1D:57:C6:73:03:A4:5B:E1:84:22:30:ED:7B:24:78:04:19:90:DD:B8:45:17:B3:66:94:B8:F3:D1:9A
Signature algorithm name: SHA256withRSA
Subject Public Key Algorithm: 4096-bit RSA key
Version: 3

Extensions: 

#1: ObjectId: 2.5.29.35 Criticality=false
AuthorityKeyIdentifier [
KeyIdentifier [
0000: 4C 7E A0 A0 EE FE AB 7F   6A 59 09 5B 72 14 85 8F  L.......jY.[r...
0010: 7E BF C3 3C                                        ...<
]
]

#2: ObjectId: 2.5.29.19 Criticality=false
BasicConstraints:[
  CA:true
  PathLen:2147483647
]

#3: ObjectId: 2.5.29.14 Criticality=false
SubjectKeyIdentifier [
KeyIdentifier [
0000: 4C 7E A0 A0 EE FE AB 7F   6A 59 09 5B 72 14 85 8F  L.......jY.[r...
0010: 7E BF C3 3C                                        ...<
]
]


... is not trusted. Install reply anyway? [no]:  Certificate reply was installed in keystore

Warning:
The JKS keystore uses a proprietary format. It is recommended to migrate to PKCS12 which is an industry standard format using "keytool -importkeystore -srckeystore /opt/cloudera/security/pki/ccycloud-5.feng.root.hwx.site.jks -destkeystore /opt/cloudera/security/pki/ccycloud-5.feng.root.hwx.site.jks -deststoretype pkcs12".
Importing keystore /opt/cloudera/security/pki/ccycloud-5.feng.root.hwx.site.jks to /opt/cloudera/security/pki/ccycloud-5.feng.root.hwx.site.p12...
Enter source keystore password:  MAC verified OK
Enter keystore password:  Keystore type: jks
Keystore provider: SUN

Your keystore contains 1 entry

ccycloud-5.feng.root.hwx.site, Aug 9, 2020, PrivateKeyEntry, 
Certificate fingerprint (SHA1): B4:34:90:F5:82:BE:47:C9:25:81:52:5A:5C:B0:8F:18:7C:B4:A4:FB

Warning:
The JKS keystore uses a proprietary format. It is recommended to migrate to PKCS12 which is an industry standard format using "keytool -importkeystore -srckeystore /opt/cloudera/security/pki/keystore.jks -destkeystore /opt/cloudera/security/pki/keystore.jks -deststoretype pkcs12".
Enter keystore password:  Keystore type: jks
Keystore provider: SUN

Your keystore contains 1 entry

rootca, Aug 9, 2020, trustedCertEntry, 
Certificate fingerprint (SHA1): 0A:14:B1:2D:31:97:C3:A4:4D:AE:E8:E8:13:3F:B8:6C:5F:38:84:16
