Loaded plugins: ovl, priorities
Package krb5-libs-1.15.1-37.el7_7.2.x86_64 already installed and latest version
Resolving Dependencies
--> Running transaction check
---> Package krb5-workstation.x86_64 0:1.15.1-37.el7_7.2 will be installed
--> Processing Dependency: libss.so.2()(64bit) for package: krb5-workstation-1.15.1-37.el7_7.2.x86_64
--> Running transaction check
---> Package libss.x86_64 0:1.42.9-16.el7 will be installed
--> Finished Dependency Resolution

Dependencies Resolved

================================================================================
 Package           Arch    Version            Repository                   Size
================================================================================
Installing:
 krb5-workstation  x86_64  1.15.1-37.el7_7.2  updates-hwx-internal-vault  816 k
Installing for dependencies:
 libss             x86_64  1.42.9-16.el7      base-hwx-internal-vault      46 k

Transaction Summary
================================================================================
Install  1 Package (+1 Dependent package)

Total download size: 863 k
Installed size: 2.6 M
Downloading packages:
--------------------------------------------------------------------------------
Total                                              8.7 MB/s | 863 kB  00:00     
Running transaction check
Running transaction test
Transaction test succeeded
Running transaction
  Installing : libss-1.42.9-16.el7.x86_64                                   1/2 
  Installing : krb5-workstation-1.15.1-37.el7_7.2.x86_64                    2/2 
  Verifying  : krb5-workstation-1.15.1-37.el7_7.2.x86_64                    1/2 
  Verifying  : libss-1.42.9-16.el7.x86_64                                   2/2 

Installed:
  krb5-workstation.x86_64 0:1.15.1-37.el7_7.2                                   

Dependency Installed:
  libss.x86_64 0:1.42.9-16.el7                                                  

Complete!
Loaded plugins: ovl, priorities
Resolving Dependencies
--> Running transaction check
---> Package java-1.8.0-openjdk-devel.x86_64 1:1.8.0.242.b08-0.el7_7 will be installed
--> Processing Dependency: java-1.8.0-openjdk(x86-64) = 1:1.8.0.242.b08-0.el7_7 for package: 1:java-1.8.0-openjdk-devel-1.8.0.242.b08-0.el7_7.x86_64
--> Processing Dependency: libjvm.so()(64bit) for package: 1:java-1.8.0-openjdk-devel-1.8.0.242.b08-0.el7_7.x86_64
--> Processing Dependency: libjava.so()(64bit) for package: 1:java-1.8.0-openjdk-devel-1.8.0.242.b08-0.el7_7.x86_64
--> Running transaction check
---> Package java-1.8.0-openjdk.x86_64 1:1.8.0.242.b08-0.el7_7 will be installed
--> Processing Dependency: xorg-x11-fonts-Type1 for package: 1:java-1.8.0-openjdk-1.8.0.242.b08-0.el7_7.x86_64
--> Processing Dependency: libgif.so.4()(64bit) for package: 1:java-1.8.0-openjdk-1.8.0.242.b08-0.el7_7.x86_64
---> Package java-1.8.0-openjdk-headless.x86_64 1:1.8.0.242.b08-0.el7_7 will be installed
--> Processing Dependency: tzdata-java >= 2015d for package: 1:java-1.8.0-openjdk-headless-1.8.0.242.b08-0.el7_7.x86_64
--> Processing Dependency: copy-jdk-configs >= 3.3 for package: 1:java-1.8.0-openjdk-headless-1.8.0.242.b08-0.el7_7.x86_64
--> Processing Dependency: pcsc-lite-libs(x86-64) for package: 1:java-1.8.0-openjdk-headless-1.8.0.242.b08-0.el7_7.x86_64
--> Processing Dependency: lksctp-tools(x86-64) for package: 1:java-1.8.0-openjdk-headless-1.8.0.242.b08-0.el7_7.x86_64
--> Processing Dependency: jpackage-utils for package: 1:java-1.8.0-openjdk-headless-1.8.0.242.b08-0.el7_7.x86_64
--> Running transaction check
---> Package copy-jdk-configs.noarch 0:3.3-10.el7_5 will be installed
---> Package giflib.x86_64 0:4.1.6-9.el7 will be installed
---> Package javapackages-tools.noarch 0:3.4.1-11.el7 will be installed
--> Processing Dependency: python-javapackages = 3.4.1-11.el7 for package: javapackages-tools-3.4.1-11.el7.noarch
--> Processing Dependency: libxslt for package: javapackages-tools-3.4.1-11.el7.noarch
---> Package lksctp-tools.x86_64 0:1.0.17-2.el7 will be installed
---> Package pcsc-lite-libs.x86_64 0:1.8.8-8.el7 will be installed
---> Package tzdata-java.noarch 0:2019c-1.el7 will be installed
---> Package xorg-x11-fonts-Type1.noarch 0:7.5-9.el7 will be installed
--> Processing Dependency: ttmkfdir for package: xorg-x11-fonts-Type1-7.5-9.el7.noarch
--> Processing Dependency: ttmkfdir for package: xorg-x11-fonts-Type1-7.5-9.el7.noarch
--> Running transaction check
---> Package libxslt.x86_64 0:1.1.28-5.el7 will be installed
---> Package python-javapackages.noarch 0:3.4.1-11.el7 will be installed
--> Processing Dependency: python-lxml for package: python-javapackages-3.4.1-11.el7.noarch
---> Package ttmkfdir.x86_64 0:3.0.9-42.el7 will be installed
--> Running transaction check
---> Package python-lxml.x86_64 0:3.2.1-4.el7 will be installed
--> Finished Dependency Resolution

Dependencies Resolved

================================================================================
 Package                  Arch   Version       Repository                  Size
================================================================================
Installing:
 java-1.8.0-openjdk-devel x86_64 1:1.8.0.242.b08-0.el7_7
                                               updates-hwx-internal-vault 9.8 M
Installing for dependencies:
 copy-jdk-configs         noarch 3.3-10.el7_5  base-hwx-internal-vault     21 k
 giflib                   x86_64 4.1.6-9.el7   base-hwx-internal-vault     40 k
 java-1.8.0-openjdk       x86_64 1:1.8.0.242.b08-0.el7_7
                                               updates-hwx-internal-vault 293 k
 java-1.8.0-openjdk-headless
                          x86_64 1:1.8.0.242.b08-0.el7_7
                                               updates-hwx-internal-vault  32 M
 javapackages-tools       noarch 3.4.1-11.el7  base-hwx-internal-vault     73 k
 libxslt                  x86_64 1.1.28-5.el7  base-hwx-internal-vault    242 k
 lksctp-tools             x86_64 1.0.17-2.el7  base-hwx-internal-vault     88 k
 pcsc-lite-libs           x86_64 1.8.8-8.el7   base-hwx-internal-vault     34 k
 python-javapackages      noarch 3.4.1-11.el7  base-hwx-internal-vault     31 k
 python-lxml              x86_64 3.2.1-4.el7   base-hwx-internal-vault    758 k
 ttmkfdir                 x86_64 3.0.9-42.el7  base-hwx-internal-vault     48 k
 tzdata-java              noarch 2019c-1.el7   updates-hwx-internal-vault 187 k
 xorg-x11-fonts-Type1     noarch 7.5-9.el7     base-hwx-internal-vault    521 k

Transaction Summary
================================================================================
Install  1 Package (+13 Dependent packages)

Total download size: 44 M
Installed size: 153 M
Downloading packages:
--------------------------------------------------------------------------------
Total                                               32 MB/s |  44 MB  00:01     
Running transaction check
Running transaction test
Transaction test succeeded
Running transaction
  Installing : libxslt-1.1.28-5.el7.x86_64                                 1/14 
  Installing : python-lxml-3.2.1-4.el7.x86_64                              2/14 
  Installing : python-javapackages-3.4.1-11.el7.noarch                     3/14 
  Installing : javapackages-tools-3.4.1-11.el7.noarch                      4/14 
  Installing : ttmkfdir-3.0.9-42.el7.x86_64                                5/14 
  Installing : xorg-x11-fonts-Type1-7.5-9.el7.noarch                       6/14 
  Installing : lksctp-tools-1.0.17-2.el7.x86_64                            7/14 
  Installing : tzdata-java-2019c-1.el7.noarch                              8/14 
  Installing : pcsc-lite-libs-1.8.8-8.el7.x86_64                           9/14 
  Installing : copy-jdk-configs-3.3-10.el7_5.noarch                       10/14 
  Installing : 1:java-1.8.0-openjdk-headless-1.8.0.242.b08-0.el7_7.x86_   11/14 
  Installing : giflib-4.1.6-9.el7.x86_64                                  12/14 
  Installing : 1:java-1.8.0-openjdk-1.8.0.242.b08-0.el7_7.x86_64          13/14 
  Installing : 1:java-1.8.0-openjdk-devel-1.8.0.242.b08-0.el7_7.x86_64    14/14 
  Verifying  : 1:java-1.8.0-openjdk-1.8.0.242.b08-0.el7_7.x86_64           1/14 
  Verifying  : giflib-4.1.6-9.el7.x86_64                                   2/14 
  Verifying  : xorg-x11-fonts-Type1-7.5-9.el7.noarch                       3/14 
  Verifying  : libxslt-1.1.28-5.el7.x86_64                                 4/14 
  Verifying  : copy-jdk-configs-3.3-10.el7_5.noarch                        5/14 
  Verifying  : python-javapackages-3.4.1-11.el7.noarch                     6/14 
  Verifying  : 1:java-1.8.0-openjdk-headless-1.8.0.242.b08-0.el7_7.x86_    7/14 
  Verifying  : 1:java-1.8.0-openjdk-devel-1.8.0.242.b08-0.el7_7.x86_64     8/14 
  Verifying  : python-lxml-3.2.1-4.el7.x86_64                              9/14 
  Verifying  : pcsc-lite-libs-1.8.8-8.el7.x86_64                          10/14 
  Verifying  : javapackages-tools-3.4.1-11.el7.noarch                     11/14 
  Verifying  : tzdata-java-2019c-1.el7.noarch                             12/14 
  Verifying  : lksctp-tools-1.0.17-2.el7.x86_64                           13/14 
  Verifying  : ttmkfdir-3.0.9-42.el7.x86_64                               14/14 

Installed:
  java-1.8.0-openjdk-devel.x86_64 1:1.8.0.242.b08-0.el7_7                       

Dependency Installed:
  copy-jdk-configs.noarch 0:3.3-10.el7_5                                        
  giflib.x86_64 0:4.1.6-9.el7                                                   
  java-1.8.0-openjdk.x86_64 1:1.8.0.242.b08-0.el7_7                             
  java-1.8.0-openjdk-headless.x86_64 1:1.8.0.242.b08-0.el7_7                    
  javapackages-tools.noarch 0:3.4.1-11.el7                                      
  libxslt.x86_64 0:1.1.28-5.el7                                                 
  lksctp-tools.x86_64 0:1.0.17-2.el7                                            
  pcsc-lite-libs.x86_64 0:1.8.8-8.el7                                           
  python-javapackages.noarch 0:3.4.1-11.el7                                     
  python-lxml.x86_64 0:3.2.1-4.el7                                              
  ttmkfdir.x86_64 0:3.0.9-42.el7                                                
  tzdata-java.noarch 0:2019c-1.el7                                              
  xorg-x11-fonts-Type1.noarch 0:7.5-9.el7                                       

Complete!
Loaded plugins: ovl, priorities
Resolving Dependencies
--> Running transaction check
---> Package postgresql-jdbc.noarch 0:9.2.1002-6.el7_5 will be installed
---> Package postgresql-jdbc-javadoc.noarch 0:9.2.1002-6.el7_5 will be installed
--> Finished Dependency Resolution

Dependencies Resolved

================================================================================
 Package                 Arch   Version           Repository               Size
================================================================================
Installing:
 postgresql-jdbc         noarch 9.2.1002-6.el7_5  base-hwx-internal-vault 448 k
 postgresql-jdbc-javadoc noarch 9.2.1002-6.el7_5  base-hwx-internal-vault  76 k

Transaction Summary
================================================================================
Install  2 Packages

Total download size: 524 k
Installed size: 1.5 M
Downloading packages:
--------------------------------------------------------------------------------
Total                                              6.0 MB/s | 524 kB  00:00     
Running transaction check
Running transaction test
Transaction test succeeded
Running transaction
  Installing : postgresql-jdbc-9.2.1002-6.el7_5.noarch                      1/2 
  Installing : postgresql-jdbc-javadoc-9.2.1002-6.el7_5.noarch              2/2 
  Verifying  : postgresql-jdbc-javadoc-9.2.1002-6.el7_5.noarch              1/2 
  Verifying  : postgresql-jdbc-9.2.1002-6.el7_5.noarch                      2/2 

Installed:
  postgresql-jdbc.noarch 0:9.2.1002-6.el7_5                                     
  postgresql-jdbc-javadoc.noarch 0:9.2.1002-6.el7_5                             

Complete!
Loaded plugins: ovl, priorities
Examining /var/tmp/yum-root-N6MPju/pgdg-redhat-repo-latest.noarch.rpm: pgdg-redhat-repo-42.0-11.noarch
Marking /var/tmp/yum-root-N6MPju/pgdg-redhat-repo-latest.noarch.rpm to be installed
Resolving Dependencies
--> Running transaction check
---> Package pgdg-redhat-repo.noarch 0:42.0-11 will be installed
--> Finished Dependency Resolution

Dependencies Resolved

================================================================================
 Package            Arch     Version    Repository                         Size
================================================================================
Installing:
 pgdg-redhat-repo   noarch   42.0-11    /pgdg-redhat-repo-latest.noarch    11 k

Transaction Summary
================================================================================
Install  1 Package

Total size: 11 k
Installed size: 11 k
Downloading packages:
Running transaction check
Running transaction test
Transaction test succeeded
Running transaction
  Installing : pgdg-redhat-repo-42.0-11.noarch                              1/1 
  Verifying  : pgdg-redhat-repo-42.0-11.noarch                              1/1 

Installed:
  pgdg-redhat-repo.noarch 0:42.0-11                                             

Complete!
Loaded plugins: ovl, priorities
Examining /var/tmp/yum-root-N6MPju/python3-psycopg2-2.8.5-1.rhel7.x86_64.rpm: python3-psycopg2-2.8.5-1.rhel7.x86_64
Marking /var/tmp/yum-root-N6MPju/python3-psycopg2-2.8.5-1.rhel7.x86_64.rpm to be installed
Resolving Dependencies
--> Running transaction check
---> Package python3-psycopg2.x86_64 0:2.8.5-1.rhel7 will be installed
--> Processing Dependency: python(abi) = 3.6 for package: python3-psycopg2-2.8.5-1.rhel7.x86_64
81 packages excluded due to repository priority protections
--> Processing Dependency: postgresql-libs for package: python3-psycopg2-2.8.5-1.rhel7.x86_64
--> Processing Dependency: libpq.so.5()(64bit) for package: python3-psycopg2-2.8.5-1.rhel7.x86_64
--> Processing Dependency: libpython3.6m.so.1.0()(64bit) for package: python3-psycopg2-2.8.5-1.rhel7.x86_64
--> Running transaction check
---> Package libpq5.x86_64 0:12.3-10PGDG.rhel7 will be installed
---> Package python3.x86_64 0:3.6.8-10.el7 will be installed
--> Processing Dependency: python3-setuptools for package: python3-3.6.8-10.el7.x86_64
--> Processing Dependency: python3-pip for package: python3-3.6.8-10.el7.x86_64
---> Package python3-libs.x86_64 0:3.6.8-10.el7 will be installed
--> Processing Dependency: libtirpc.so.1()(64bit) for package: python3-libs-3.6.8-10.el7.x86_64
--> Running transaction check
---> Package libtirpc.x86_64 0:0.2.4-0.16.el7 will be installed
---> Package python3-pip.noarch 0:9.0.3-5.el7 will be installed
---> Package python3-setuptools.noarch 0:39.2.0-10.el7 will be installed
--> Finished Dependency Resolution

Dependencies Resolved

================================================================================
 Package            Arch   Version           Repository                    Size
================================================================================
Installing:
 python3-psycopg2   x86_64 2.8.5-1.rhel7     /python3-psycopg2-2.8.5-1.rhel7.x86_64
                                                                          682 k
Installing for dependencies:
 libpq5             x86_64 12.3-10PGDG.rhel7 pgdg-common                  429 k
 libtirpc           x86_64 0.2.4-0.16.el7    base-hwx-internal-vault       89 k
 python3            x86_64 3.6.8-10.el7      base-hwx-internal-vault       69 k
 python3-libs       x86_64 3.6.8-10.el7      base-hwx-internal-vault      7.0 M
 python3-pip        noarch 9.0.3-5.el7       base-hwx-internal-vault      1.8 M
 python3-setuptools noarch 39.2.0-10.el7     base-hwx-internal-vault      629 k

Transaction Summary
================================================================================
Install  1 Package (+6 Dependent packages)

Total size: 11 M
Total download size: 9.9 M
Installed size: 50 M
Downloading packages:
Public key for libpq5-12.3-10PGDG.rhel7.x86_64.rpm is not installed
--------------------------------------------------------------------------------
Total                                              6.4 MB/s | 9.9 MB  00:01     
Retrieving key from file:///etc/pki/rpm-gpg/RPM-GPG-KEY-PGDG
Running transaction check
Running transaction test
Transaction test succeeded
Running transaction
  Installing : libpq5-12.3-10PGDG.rhel7.x86_64                              1/7 
  Installing : libtirpc-0.2.4-0.16.el7.x86_64                               2/7 
  Installing : python3-pip-9.0.3-5.el7.noarch                               3/7 
  Installing : python3-setuptools-39.2.0-10.el7.noarch                      4/7 
  Installing : python3-3.6.8-10.el7.x86_64                                  5/7 
  Installing : python3-libs-3.6.8-10.el7.x86_64                             6/7 
  Installing : python3-psycopg2-2.8.5-1.rhel7.x86_64                        7/7 
  Verifying  : libtirpc-0.2.4-0.16.el7.x86_64                               1/7 
  Verifying  : python3-psycopg2-2.8.5-1.rhel7.x86_64                        2/7 
  Verifying  : libpq5-12.3-10PGDG.rhel7.x86_64                              3/7 
  Verifying  : python3-libs-3.6.8-10.el7.x86_64                             4/7 
  Verifying  : python3-pip-9.0.3-5.el7.noarch                               5/7 
  Verifying  : python3-setuptools-39.2.0-10.el7.noarch                      6/7 
  Verifying  : python3-3.6.8-10.el7.x86_64                                  7/7 

Installed:
  python3-psycopg2.x86_64 0:2.8.5-1.rhel7                                       

Dependency Installed:
  libpq5.x86_64 0:12.3-10PGDG.rhel7  libtirpc.x86_64 0:0.2.4-0.16.el7          
  python3.x86_64 0:3.6.8-10.el7      python3-libs.x86_64 0:3.6.8-10.el7        
  python3-pip.noarch 0:9.0.3-5.el7   python3-setuptools.noarch 0:39.2.0-10.el7 

Complete!
Loaded plugins: ovl, priorities
81 packages excluded due to repository priority protections
Resolving Dependencies
--> Running transaction check
---> Package postgresql10.x86_64 0:10.13-1PGDG.rhel7 will be installed
--> Processing Dependency: postgresql10-libs(x86-64) = 10.13-1PGDG.rhel7 for package: postgresql10-10.13-1PGDG.rhel7.x86_64
--> Processing Dependency: systemd-sysv for package: postgresql10-10.13-1PGDG.rhel7.x86_64
--> Processing Dependency: libicu for package: postgresql10-10.13-1PGDG.rhel7.x86_64
--> Running transaction check
---> Package libicu.x86_64 0:50.2-3.el7 will be installed
---> Package postgresql10-libs.x86_64 0:10.13-1PGDG.rhel7 will be installed
---> Package systemd-sysv.x86_64 0:219-67.el7_7.3 will be installed
--> Processing Dependency: systemd = 219-67.el7_7.3 for package: systemd-sysv-219-67.el7_7.3.x86_64
--> Running transaction check
---> Package systemd.x86_64 0:219-67.el7 will be updated
---> Package systemd.x86_64 0:219-67.el7_7.3 will be an update
--> Processing Dependency: systemd-libs = 219-67.el7_7.3 for package: systemd-219-67.el7_7.3.x86_64
--> Running transaction check
---> Package systemd-libs.x86_64 0:219-67.el7 will be updated
---> Package systemd-libs.x86_64 0:219-67.el7_7.3 will be an update
--> Finished Dependency Resolution

Dependencies Resolved

================================================================================
 Package           Arch   Version              Repository                  Size
================================================================================
Installing:
 postgresql10      x86_64 10.13-1PGDG.rhel7    pgdg10                     1.6 M
Installing for dependencies:
 libicu            x86_64 50.2-3.el7           base-hwx-internal-vault    6.9 M
 postgresql10-libs x86_64 10.13-1PGDG.rhel7    pgdg10                     357 k
 systemd-sysv      x86_64 219-67.el7_7.3       updates-hwx-internal-vault  88 k
Updating for dependencies:
 systemd           x86_64 219-67.el7_7.3       updates-hwx-internal-vault 5.1 M
 systemd-libs      x86_64 219-67.el7_7.3       updates-hwx-internal-vault 411 k

Transaction Summary
================================================================================
Install  1 Package  (+3 Dependent packages)
Upgrade             ( 2 Dependent packages)

Total download size: 14 M
Downloading packages:
Delta RPMs disabled because /usr/bin/applydeltarpm not installed.
--------------------------------------------------------------------------------
Total                                              6.8 MB/s |  14 MB  00:02     
Running transaction check
Running transaction test
Transaction test succeeded
Running transaction
  Installing : postgresql10-libs-10.13-1PGDG.rhel7.x86_64                   1/8 
  Installing : libicu-50.2-3.el7.x86_64                                     2/8 
  Updating   : systemd-libs-219-67.el7_7.3.x86_64                           3/8 
  Updating   : systemd-219-67.el7_7.3.x86_64                                4/8 
  Installing : systemd-sysv-219-67.el7_7.3.x86_64                           5/8 
  Installing : postgresql10-10.13-1PGDG.rhel7.x86_64                        6/8 
  Cleanup    : systemd-219-67.el7.x86_64                                    7/8 
  Cleanup    : systemd-libs-219-67.el7.x86_64                               8/8 
  Verifying  : systemd-libs-219-67.el7_7.3.x86_64                           1/8 
  Verifying  : libicu-50.2-3.el7.x86_64                                     2/8 
  Verifying  : systemd-219-67.el7_7.3.x86_64                                3/8 
  Verifying  : postgresql10-libs-10.13-1PGDG.rhel7.x86_64                   4/8 
  Verifying  : systemd-sysv-219-67.el7_7.3.x86_64                           5/8 
  Verifying  : postgresql10-10.13-1PGDG.rhel7.x86_64                        6/8 
  Verifying  : systemd-libs-219-67.el7.x86_64                               7/8 
  Verifying  : systemd-219-67.el7.x86_64                                    8/8 

Installed:
  postgresql10.x86_64 0:10.13-1PGDG.rhel7                                       

Dependency Installed:
  libicu.x86_64 0:50.2-3.el7                                                    
  postgresql10-libs.x86_64 0:10.13-1PGDG.rhel7                                  
  systemd-sysv.x86_64 0:219-67.el7_7.3                                          

Dependency Updated:
  systemd.x86_64 0:219-67.el7_7.3      systemd-libs.x86_64 0:219-67.el7_7.3     

Complete!
