Loaded plugins: ovl, priorities
Examining /var/tmp/yum-root-e_wCSm/pgdg-redhat-repo-latest.noarch.rpm: pgdg-redhat-repo-42.0-11.noarch
/var/tmp/yum-root-e_wCSm/pgdg-redhat-repo-latest.noarch.rpm: does not update installed package.
Loaded plugins: ovl, priorities
81 packages excluded due to repository priority protections
Package postgresql10-10.13-1PGDG.rhel7.x86_64 already installed and latest version
Resolving Dependencies
--> Running transaction check
---> Package postgresql10-server.x86_64 0:10.13-1PGDG.rhel7 will be installed
--> Finished Dependency Resolution

Dependencies Resolved

================================================================================
 Package                  Arch        Version                 Repository   Size
================================================================================
Installing:
 postgresql10-server      x86_64      10.13-1PGDG.rhel7       pgdg10      4.5 M

Transaction Summary
================================================================================
Install  1 Package

Total download size: 4.5 M
Installed size: 18 M
Downloading packages:
Running transaction check
Running transaction test
Transaction test succeeded
Running transaction
  Installing : postgresql10-server-10.13-1PGDG.rhel7.x86_64                 1/1 
  Verifying  : postgresql10-server-10.13-1PGDG.rhel7.x86_64                 1/1 

Installed:
  postgresql10-server.x86_64 0:10.13-1PGDG.rhel7                                

Complete!
Initializing database ... OK

Loaded plugins: ovl, priorities
81 packages excluded due to repository priority protections
No package pip available.
Collecting psycopg2==2.7.5
  Downloading https://files.pythonhosted.org/packages/7c/e6/d5161798a5e8900f24216cb730f2c2be5e4758a80d35c8588306831c0c99/psycopg2-2.7.5-cp27-cp27mu-manylinux1_x86_64.whl (2.7MB)
Installing collected packages: psycopg2
Successfully installed psycopg2-2.7.5
