Failed to set locale, defaulting to C
Loaded plugins: ovl, priorities
Repository cloudera-manager is listed more than once in the configuration
81 packages excluded due to repository priority protections
Package krb5-libs-1.15.1-37.el7_7.2.x86_64 already installed and latest version
Resolving Dependencies
--> Running transaction check
---> Package krb5-workstation.x86_64 0:1.15.1-37.el7_7.2 will be installed
--> Processing Dependency: libss.so.2()(64bit) for package: krb5-workstation-1.15.1-37.el7_7.2.x86_64
--> Running transaction check
---> Package libss.x86_64 0:1.42.9-16.el7 will be installed
--> Finished Dependency Resolution

Dependencies Resolved

================================================================================
 Package           Arch    Version            Repository                   Size
================================================================================
Installing:
 krb5-workstation  x86_64  1.15.1-37.el7_7.2  updates-hwx-internal-vault  816 k
Installing for dependencies:
 libss             x86_64  1.42.9-16.el7      base-hwx-internal-vault      46 k

Transaction Summary
================================================================================
Install  1 Package (+1 Dependent package)

Total download size: 863 k
Installed size: 2.6 M
Downloading packages:
--------------------------------------------------------------------------------
Total                                               12 MB/s | 863 kB  00:00     
Running transaction check
Running transaction test
Transaction test succeeded
Running transaction
  Installing : libss-1.42.9-16.el7.x86_64                                   1/2 
  Installing : krb5-workstation-1.15.1-37.el7_7.2.x86_64                    2/2 
  Verifying  : krb5-workstation-1.15.1-37.el7_7.2.x86_64                    1/2 
  Verifying  : libss-1.42.9-16.el7.x86_64                                   2/2 

Installed:
  krb5-workstation.x86_64 0:1.15.1-37.el7_7.2                                   

Dependency Installed:
  libss.x86_64 0:1.42.9-16.el7                                                  

Complete!
